org.scalajs.core.tools.classpath.JSLibResolveException: Some references to JS libraries could not be resolved:
- Missing JS library: leaflet.css
  originating from: testscalaproject:compile

	at org.scalajs.core.tools.classpath.PartialClasspath.resolveAllResourceNames(PartialClasspath.scala:137)
	at org.scalajs.core.tools.classpath.PartialClasspath.resolveDependencies(PartialClasspath.scala:80)
	at org.scalajs.core.tools.classpath.PartialClasspath.resolve(PartialClasspath.scala:64)
	at org.scalajs.sbtplugin.ScalaJSPluginInternal$$anonfun$16.apply(ScalaJSPluginInternal.scala:220)
	at org.scalajs.sbtplugin.ScalaJSPluginInternal$$anonfun$16.apply(ScalaJSPluginInternal.scala:217)
	at scala.Function1$$anonfun$compose$1.apply(Function1.scala:47)
	at sbt.$tilde$greater$$anonfun$$u2219$1.apply(TypeFunctions.scala:40)
	at sbt.std.Transform$$anon$4.work(System.scala:63)
	at sbt.Execute$$anonfun$submit$1$$anonfun$apply$1.apply(Execute.scala:226)
	at sbt.Execute$$anonfun$submit$1$$anonfun$apply$1.apply(Execute.scala:226)
	at sbt.ErrorHandling$.wideConvert(ErrorHandling.scala:17)
	at sbt.Execute.work(Execute.scala:235)
	at sbt.Execute$$anonfun$submit$1.apply(Execute.scala:226)
	at sbt.Execute$$anonfun$submit$1.apply(Execute.scala:226)
	at sbt.ConcurrentRestrictions$$anon$4$$anonfun$1.apply(ConcurrentRestrictions.scala:159)
	at sbt.CompletionService$$anon$2.call(CompletionService.scala:28)
	at java.util.concurrent.FutureTask.run(FutureTask.java:266)
	at java.util.concurrent.Executors$RunnableAdapter.call(Executors.java:511)
	at java.util.concurrent.FutureTask.run(FutureTask.java:266)
	at java.util.concurrent.ThreadPoolExecutor.runWorker(ThreadPoolExecutor.java:1142)
	at java.util.concurrent.ThreadPoolExecutor$Worker.run(ThreadPoolExecutor.java:617)
	at java.lang.Thread.run(Thread.java:745)
[0m[[31merror[0m] [0m(compile:[31mscalaJSPreLinkClasspath[0m) org.scalajs.core.tools.classpath.JSLibResolveException: Some references to JS libraries could not be resolved:[0m
[0m[[31merror[0m] [0m- Missing JS library: leaflet.css[0m
[0m[[31merror[0m] [0m  originating from: testscalaproject:compile[0m
